<?xml version="1.0" encoding="UTF-8"?>
<!-- Generated by org.testng.reporters.JUnitReportReporter -->
<testsuite hostname="DESKTOP-1A8ABMJ" failures="0" tests="1" name="Academy.validateTitle" time="0.041" errors="0" timestamp="2022-07-26T13:02:43 IST" skipped="0">
  <testcase classname="Academy.validateTitle" name="homepageNavigation" time="0.041"/>
  <system-out/>
</testsuite> <!-- Academy.validateTitle -->
