<?xml version="1.0" encoding="UTF-8"?>
<!-- Generated by org.testng.reporters.JUnitReportReporter -->
<testsuite hostname="DESKTOP-1A8ABMJ" failures="0" tests="2" name="Academy.Homepage" time="35.910" errors="0" timestamp="2022-07-26T13:02:43 IST" skipped="0">
  <testcase classname="Academy.Homepage" name="homepageNavigation" time="18.037"/>
  <system-out/>
  <testcase classname="Academy.Homepage" name="homepageNavigation" time="17.873"/>
  <system-out/>
</testsuite> <!-- Academy.Homepage -->
